  Components.cpp
c:\program files (x86)\microsoft visual studio 14.0\vc\include\xlocale(341): warning C4530: Se ha utilizado el controlador de excepciones de C++, pero la semántica de desenredo no está habilitada. Especifique /EHsc
c:\users\pc1\desktop\wgame_engine\wgame_engine\mathgeolib\include\geometry\aabb2d.h(132): warning C4996: 'sprintf': This function or variable may be unsafe. Consider using sprintf_s instead. To disable deprecation, use _CRT_SECURE_NO_WARNINGS. See online help for details.
  c:\program files (x86)\windows kits\10\include\10.0.10240.0\ucrt\stdio.h(1769): note: vea la declaración de 'sprintf'
c:\program files (x86)\microsoft visual studio 14.0\vc\include\limits(210): warning C4577: si se usa 'noexcept' sin ningún modo de control de excepciones especificado, la finalización de la excepción no está garantizada. Especifique /EHsc
  Component_Mesh.cpp
c:\program files (x86)\microsoft visual studio 14.0\vc\include\xlocale(341): warning C4530: Se ha utilizado el controlador de excepciones de C++, pero la semántica de desenredo no está habilitada. Especifique /EHsc
c:\users\pc1\desktop\wgame_engine\wgame_engine\mathgeolib\include\geometry\aabb2d.h(132): warning C4996: 'sprintf': This function or variable may be unsafe. Consider using sprintf_s instead. To disable deprecation, use _CRT_SECURE_NO_WARNINGS. See online help for details.
  c:\program files (x86)\windows kits\10\include\10.0.10240.0\ucrt\stdio.h(1769): note: vea la declaración de 'sprintf'
c:\program files (x86)\microsoft visual studio 14.0\vc\include\cmath(35): warning C4577: si se usa 'noexcept' sin ningún modo de control de excepciones especificado, la finalización de la excepción no está garantizada. Especifique /EHsc
  Generando código...
cl : Línea de comandos warning D9028: error de recompilación mínimo, revirtiendo a la compilación normal
  Compilando...
  Component_Material.cpp
c:\users\pc1\desktop\wgame_engine\wgame_engine\component_material.cpp : fatal error C1041: no puede abrir la base de datos de programa 'C:\Users\PC1\Desktop\WGame_Engine\WGame_Engine\Debug\vc140.idb'. Si varios CL.EXE escriben en el mismo archivo .PDB, use /FS.
  Component_Transformation.cpp
c:\users\pc1\desktop\wgame_engine\wgame_engine\component_transformation.cpp : fatal error C1041: no puede abrir la base de datos de programa 'C:\Users\PC1\Desktop\WGame_Engine\WGame_Engine\Debug\vc140.pdb'. Si varios CL.EXE escriben en el mismo archivo .PDB, use /FS.
  GameObject.cpp
c:\users\pc1\desktop\wgame_engine\wgame_engine\gameobject.cpp : fatal error C1041: no puede abrir la base de datos de programa 'C:\Users\PC1\Desktop\WGame_Engine\WGame_Engine\Debug\vc140.pdb'. Si varios CL.EXE escriben en el mismo archivo .PDB, use /FS.
  Module_Go_Manager.cpp
c:\program files (x86)\microsoft visual studio 14.0\vc\include\xlocale(341): warning C4530: Se ha utilizado el controlador de excepciones de C++, pero la semántica de desenredo no está habilitada. Especifique /EHsc
c:\users\pc1\desktop\wgame_engine\wgame_engine\mathgeolib\include\geometry\aabb2d.h(132): warning C4996: 'sprintf': This function or variable may be unsafe. Consider using sprintf_s instead. To disable deprecation, use _CRT_SECURE_NO_WARNINGS. See online help for details.
  c:\program files (x86)\windows kits\10\include\10.0.10240.0\ucrt\stdio.h(1769): note: vea la declaración de 'sprintf'
c:\program files (x86)\microsoft visual studio 14.0\vc\include\cmath(35): warning C4577: si se usa 'noexcept' sin ningún modo de control de excepciones especificado, la finalización de la excepción no está garantizada. Especifique /EHsc
  Generando código...
