C:\Program Files (x86)\MSBuild\Microsoft.Cpp\v4.0\V140\Microsoft.CppBuild.targets(392,5): warning MSB8028: The intermediate directory (Debug\) contains files shared from another project (Sahelanthropus Engine.vcxproj).  This can lead to incorrect clean and rebuild behavior.
  PhysVehicle3D.cpp
c:\program files (x86)\microsoft visual studio 14.0\vc\include\limits(210): warning C4577: si se usa 'noexcept' sin ningún modo de control de excepciones especificado, la finalización de la excepción no está garantizada. Especifique /EHsc
  Timer.cpp
  Primitive.cpp
  PhysBody3D.cpp
c:\program files (x86)\microsoft visual studio 14.0\vc\include\list(635): warning C4530: Se ha utilizado el controlador de excepciones de C++, pero la semántica de desenredo no está habilitada. Especifique /EHsc
  c:\program files (x86)\microsoft visual studio 14.0\vc\include\list(631): note: durante la compilación de la función miembro de plantilla de clase 'std::_List_alloc<std::_List_base_types<_Ty,_Alloc>>::_List_alloc(void)'
          with
          [
              _Ty=Module *,
              _Alloc=std::allocator<Module *>
          ]
  c:\program files (x86)\microsoft visual studio 14.0\vc\include\list(817): note: vea la referencia a la creación de instancias de plantilla de función 'std::_List_alloc<std::_List_base_types<_Ty,_Alloc>>::_List_alloc(void)' que se está compilando
          with
          [
              _Ty=Module *,
              _Alloc=std::allocator<Module *>
          ]
  c:\program files (x86)\microsoft visual studio 14.0\vc\include\list(809): note: vea la referencia a la creación de instancias de plantilla de clase 'std::_List_alloc<std::_List_base_types<_Ty,_Alloc>>' que se está compilando
          with
          [
              _Ty=Module *,
              _Alloc=std::allocator<Module *>
          ]
  c:\program files (x86)\microsoft visual studio 14.0\vc\include\list(864): note: vea la referencia a la creación de instancias de plantilla de clase 'std::_List_buy<_Ty,_Alloc>' que se está compilando
          with
          [
              _Ty=Module *,
              _Alloc=std::allocator<Module *>
          ]
  c:\users\pc1\desktop\wgame-engine\physbody3d.h(26): note: vea la referencia a la creación de instancias de plantilla de clase 'std::list<Module *,std::allocator<_Ty>>' que se está compilando
          with
          [
              _Ty=Module *
          ]
c:\program files (x86)\microsoft visual studio 14.0\vc\include\limits(210): warning C4577: si se usa 'noexcept' sin ningún modo de control de excepciones especificado, la finalización de la excepción no está garantizada. Especifique /EHsc
  ModuleWindow.cpp
c:\program files (x86)\microsoft visual studio 14.0\vc\include\limits(210): warning C4577: si se usa 'noexcept' sin ningún modo de control de excepciones especificado, la finalización de la excepción no está garantizada. Especifique /EHsc
  ModuleSceneIntro.cpp
c:\program files (x86)\microsoft visual studio 14.0\vc\include\limits(210): warning C4577: si se usa 'noexcept' sin ningún modo de control de excepciones especificado, la finalización de la excepción no está garantizada. Especifique /EHsc
  ModuleRenderer3D.cpp
c:\program files (x86)\microsoft visual studio 14.0\vc\include\limits(210): warning C4577: si se usa 'noexcept' sin ningún modo de control de excepciones especificado, la finalización de la excepción no está garantizada. Especifique /EHsc
  ModulePlayer.cpp
c:\program files (x86)\microsoft visual studio 14.0\vc\include\limits(210): warning C4577: si se usa 'noexcept' sin ningún modo de control de excepciones especificado, la finalización de la excepción no está garantizada. Especifique /EHsc
  ModulePhysics3D.cpp
c:\users\pc1\desktop\wgame-engine\modulephysics3d.cpp(215): warning C4305: 'argumento': truncamiento de 'double' a 'const btScalar'
c:\program files (x86)\microsoft visual studio 14.0\vc\include\list(635): warning C4530: Se ha utilizado el controlador de excepciones de C++, pero la semántica de desenredo no está habilitada. Especifique /EHsc
  c:\program files (x86)\microsoft visual studio 14.0\vc\include\list(631): note: durante la compilación de la función miembro de plantilla de clase 'std::_List_alloc<std::_List_base_types<_Ty,_Alloc>>::_List_alloc(void)'
          with
          [
              _Ty=PhysVehicle3D *,
              _Alloc=std::allocator<PhysVehicle3D *>
          ]
  c:\program files (x86)\microsoft visual studio 14.0\vc\include\list(817): note: vea la referencia a la creación de instancias de plantilla de función 'std::_List_alloc<std::_List_base_types<_Ty,_Alloc>>::_List_alloc(void)' que se está compilando
          with
          [
              _Ty=PhysVehicle3D *,
              _Alloc=std::allocator<PhysVehicle3D *>
          ]
  c:\program files (x86)\microsoft visual studio 14.0\vc\include\list(809): note: vea la referencia a la creación de instancias de plantilla de clase 'std::_List_alloc<std::_List_base_types<_Ty,_Alloc>>' que se está compilando
          with
          [
              _Ty=PhysVehicle3D *,
              _Alloc=std::allocator<PhysVehicle3D *>
          ]
  c:\program files (x86)\microsoft visual studio 14.0\vc\include\list(864): note: vea la referencia a la creación de instancias de plantilla de clase 'std::_List_buy<_Ty,_Alloc>' que se está compilando
          with
          [
              _Ty=PhysVehicle3D *,
              _Alloc=std::allocator<PhysVehicle3D *>
          ]
  c:\users\pc1\desktop\wgame-engine\modulephysics3d.h(68): note: vea la referencia a la creación de instancias de plantilla de clase 'std::list<PhysVehicle3D *,std::allocator<_Ty>>' que se está compilando
          with
          [
              _Ty=PhysVehicle3D *
          ]
c:\program files (x86)\microsoft visual studio 14.0\vc\include\limits(210): warning C4577: si se usa 'noexcept' sin ningún modo de control de excepciones especificado, la finalización de la excepción no está garantizada. Especifique /EHsc
  ModuleInput.cpp
c:\program files (x86)\microsoft visual studio 14.0\vc\include\limits(210): warning C4577: si se usa 'noexcept' sin ningún modo de control de excepciones especificado, la finalización de la excepción no está garantizada. Especifique /EHsc
  ModuleCamera3D.cpp
c:\users\pc1\desktop\wgame-engine\modulecamera3d.cpp(52): warning C4244: '=': conversión de 'double' a 'float'; posible pérdida de datos
c:\users\pc1\desktop\wgame-engine\modulecamera3d.cpp(60): warning C4244: '=': conversión de 'double' a 'float'; posible pérdida de datos
c:\users\pc1\desktop\wgame-engine\modulecamera3d.cpp(64): warning C4244: '=': conversión de 'double' a 'float'; posible pérdida de datos
c:\program files (x86)\microsoft visual studio 14.0\vc\include\limits(210): warning C4577: si se usa 'noexcept' sin ningún modo de control de excepciones especificado, la finalización de la excepción no está garantizada. Especifique /EHsc
  ModuleAudio.cpp
c:\program files (x86)\microsoft visual studio 14.0\vc\include\list(635): warning C4530: Se ha utilizado el controlador de excepciones de C++, pero la semántica de desenredo no está habilitada. Especifique /EHsc
  c:\program files (x86)\microsoft visual studio 14.0\vc\include\list(631): note: durante la compilación de la función miembro de plantilla de clase 'std::_List_alloc<std::_List_base_types<_Ty,_Alloc>>::_List_alloc(void)'
          with
          [
              _Ty=Mix_Chunk *,
              _Alloc=std::allocator<Mix_Chunk *>
          ]
  c:\program files (x86)\microsoft visual studio 14.0\vc\include\list(817): note: vea la referencia a la creación de instancias de plantilla de función 'std::_List_alloc<std::_List_base_types<_Ty,_Alloc>>::_List_alloc(void)' que se está compilando
          with
          [
              _Ty=Mix_Chunk *,
              _Alloc=std::allocator<Mix_Chunk *>
          ]
  c:\program files (x86)\microsoft visual studio 14.0\vc\include\list(809): note: vea la referencia a la creación de instancias de plantilla de clase 'std::_List_alloc<std::_List_base_types<_Ty,_Alloc>>' que se está compilando
          with
          [
              _Ty=Mix_Chunk *,
              _Alloc=std::allocator<Mix_Chunk *>
          ]
  c:\program files (x86)\microsoft visual studio 14.0\vc\include\list(864): note: vea la referencia a la creación de instancias de plantilla de clase 'std::_List_buy<_Ty,_Alloc>' que se está compilando
          with
          [
              _Ty=Mix_Chunk *,
              _Alloc=std::allocator<Mix_Chunk *>
          ]
  c:\users\pc1\desktop\wgame-engine\moduleaudio.h(34): note: vea la referencia a la creación de instancias de plantilla de clase 'std::list<Mix_Chunk *,std::allocator<_Ty>>' que se está compilando
          with
          [
              _Ty=Mix_Chunk *
          ]
c:\program files (x86)\microsoft visual studio 14.0\vc\include\limits(210): warning C4577: si se usa 'noexcept' sin ningún modo de control de excepciones especificado, la finalización de la excepción no está garantizada. Especifique /EHsc
  Main.cpp
c:\program files (x86)\microsoft visual studio 14.0\vc\include\limits(210): warning C4577: si se usa 'noexcept' sin ningún modo de control de excepciones especificado, la finalización de la excepción no está garantizada. Especifique /EHsc
  log.cpp
  Light.cpp
  imgui_user2.cpp
  imgui_impl_sdl_gl3.cpp
  imgui_draw.cpp
  imgui_demo.cpp
  imgui.cpp
  Generando código...
  Compilando...
  glmath.cpp
c:\users\pc1\desktop\wgame-engine\glmath.cpp(12): warning C4244: 'return': conversión de 'double' a 'float'; posible pérdida de datos
c:\users\pc1\desktop\wgame-engine\glmath.cpp(27): warning C4244: 'argumento': conversión de 'double' a 'float'; posible pérdida de datos
c:\users\pc1\desktop\wgame-engine\glmath.cpp(43): warning C4244: 'argumento': conversión de 'double' a 'float'; posible pérdida de datos
c:\users\pc1\desktop\wgame-engine\glmath.cpp(53): warning C4244: 'inicializando': conversión de 'double' a 'float'; posible pérdida de datos
c:\users\pc1\desktop\wgame-engine\glmath.cpp(72): warning C4244: 'return': conversión de 'double' a 'float'; posible pérdida de datos
c:\users\pc1\desktop\wgame-engine\glmath.cpp(87): warning C4244: 'argumento': conversión de 'double' a 'float'; posible pérdida de datos
c:\users\pc1\desktop\wgame-engine\glmath.cpp(103): warning C4244: 'argumento': conversión de 'double' a 'float'; posible pérdida de datos
c:\users\pc1\desktop\wgame-engine\glmath.cpp(600): warning C4244: 'inicializando': conversión de 'double' a 'float'; posible pérdida de datos
c:\users\pc1\desktop\wgame-engine\glmath.cpp(618): warning C4244: 'inicializando': conversión de 'double' a 'float'; posible pérdida de datos
c:\users\pc1\desktop\wgame-engine\glmath.cpp(758): warning C4244: 'inicializando': conversión de 'double' a 'float'; posible pérdida de datos
c:\users\pc1\desktop\wgame-engine\glmath.cpp(778): warning C4244: 'inicializando': conversión de 'double' a 'float'; posible pérdida de datos
  Color.cpp
  Application.cpp
c:\program files (x86)\microsoft visual studio 14.0\vc\include\list(635): warning C4530: Se ha utilizado el controlador de excepciones de C++, pero la semántica de desenredo no está habilitada. Especifique /EHsc
  c:\program files (x86)\microsoft visual studio 14.0\vc\include\list(631): note: durante la compilación de la función miembro de plantilla de clase 'std::_List_alloc<std::_List_base_types<_Ty,_Alloc>>::_List_alloc(void)'
          with
          [
              _Ty=Module *,
              _Alloc=std::allocator<Module *>
          ]
  c:\program files (x86)\microsoft visual studio 14.0\vc\include\list(817): note: vea la referencia a la creación de instancias de plantilla de función 'std::_List_alloc<std::_List_base_types<_Ty,_Alloc>>::_List_alloc(void)' que se está compilando
          with
          [
              _Ty=Module *,
              _Alloc=std::allocator<Module *>
          ]
  c:\program files (x86)\microsoft visual studio 14.0\vc\include\list(809): note: vea la referencia a la creación de instancias de plantilla de clase 'std::_List_alloc<std::_List_base_types<_Ty,_Alloc>>' que se está compilando
          with
          [
              _Ty=Module *,
              _Alloc=std::allocator<Module *>
          ]
  c:\program files (x86)\microsoft visual studio 14.0\vc\include\list(864): note: vea la referencia a la creación de instancias de plantilla de clase 'std::_List_buy<_Ty,_Alloc>' que se está compilando
          with
          [
              _Ty=Module *,
              _Alloc=std::allocator<Module *>
          ]
  c:\users\pc1\desktop\wgame-engine\application.h(37): note: vea la referencia a la creación de instancias de plantilla de clase 'std::list<Module *,std::allocator<_Ty>>' que se está compilando
          with
          [
              _Ty=Module *
          ]
c:\program files (x86)\microsoft visual studio 14.0\vc\include\limits(210): warning C4577: si se usa 'noexcept' sin ningún modo de control de excepciones especificado, la finalización de la excepción no está garantizada. Especifique /EHsc
  Generando código...
BulletDynamics_debug.lib(btDiscreteDynamicsWorld.obj) : warning LNK4204: falta información de depuración de 'C:\Users\PC1\Desktop\Wgame-Engine\Debug\vc140.pdb' para hacer referencia al módulo; se vinculará el objeto sin tener en cuenta información de depuración
BulletDynamics_debug.lib(btRigidBody.obj) : warning LNK4204: falta información de depuración de 'C:\Users\PC1\Desktop\Wgame-Engine\Debug\vc140.pdb' para hacer referencia al módulo; se vinculará el objeto sin tener en cuenta información de depuración
BulletDynamics_debug.lib(btConeTwistConstraint.obj) : warning LNK4204: falta información de depuración de 'C:\Users\PC1\Desktop\Wgame-Engine\Debug\vc140.pdb' para hacer referencia al módulo; se vinculará el objeto sin tener en cuenta información de depuración
BulletDynamics_debug.lib(btContactConstraint.obj) : warning LNK4204: falta información de depuración de 'C:\Users\PC1\Desktop\Wgame-Engine\Debug\vc140.pdb' para hacer referencia al módulo; se vinculará el objeto sin tener en cuenta información de depuración
BulletDynamics_debug.lib(btGeneric6DofConstraint.obj) : warning LNK4204: falta información de depuración de 'C:\Users\PC1\Desktop\Wgame-Engine\Debug\vc140.pdb' para hacer referencia al módulo; se vinculará el objeto sin tener en cuenta información de depuración
BulletDynamics_debug.lib(btSequentialImpulseConstraintSolver.obj) : warning LNK4204: falta información de depuración de 'C:\Users\PC1\Desktop\Wgame-Engine\Debug\vc140.pdb' para hacer referencia al módulo; se vinculará el objeto sin tener en cuenta información de depuración
BulletDynamics_debug.lib(btTypedConstraint.obj) : warning LNK4204: falta información de depuración de 'C:\Users\PC1\Desktop\Wgame-Engine\Debug\vc140.pdb' para hacer referencia al módulo; se vinculará el objeto sin tener en cuenta información de depuración
BulletDynamics_debug.lib(btRaycastVehicle.obj) : warning LNK4204: falta información de depuración de 'C:\Users\PC1\Desktop\Wgame-Engine\Debug\vc140.pdb' para hacer referencia al módulo; se vinculará el objeto sin tener en cuenta información de depuración
BulletDynamics_debug.lib(btWheelInfo.obj) : warning LNK4204: falta información de depuración de 'C:\Users\PC1\Desktop\Wgame-Engine\Debug\vc140.pdb' para hacer referencia al módulo; se vinculará el objeto sin tener en cuenta información de depuración
BulletCollision_debug.lib(btCollisionAlgorithm.obj) : warning LNK4204: falta información de depuración de 'C:\Users\PC1\Desktop\Wgame-Engine\Debug\vc140.pdb' para hacer referencia al módulo; se vinculará el objeto sin tener en cuenta información de depuración
BulletCollision_debug.lib(btDbvt.obj) : warning LNK4204: falta información de depuración de 'C:\Users\PC1\Desktop\Wgame-Engine\Debug\vc140.pdb' para hacer referencia al módulo; se vinculará el objeto sin tener en cuenta información de depuración
BulletCollision_debug.lib(btDbvtBroadphase.obj) : warning LNK4204: falta información de depuración de 'C:\Users\PC1\Desktop\Wgame-Engine\Debug\vc140.pdb' para hacer referencia al módulo; se vinculará el objeto sin tener en cuenta información de depuración
BulletCollision_debug.lib(btDispatcher.obj) : warning LNK4204: falta información de depuración de 'C:\Users\PC1\Desktop\Wgame-Engine\Debug\vc140.pdb' para hacer referencia al módulo; se vinculará el objeto sin tener en cuenta información de depuración
BulletCollision_debug.lib(btOverlappingPairCache.obj) : warning LNK4204: falta información de depuración de 'C:\Users\PC1\Desktop\Wgame-Engine\Debug\vc140.pdb' para hacer referencia al módulo; se vinculará el objeto sin tener en cuenta información de depuración
BulletCollision_debug.lib(btQuantizedBvh.obj) : warning LNK4204: falta información de depuración de 'C:\Users\PC1\Desktop\Wgame-Engine\Debug\vc140.pdb' para hacer referencia al módulo; se vinculará el objeto sin tener en cuenta información de depuración
BulletCollision_debug.lib(btActivatingCollisionAlgorithm.obj) : warning LNK4204: falta información de depuración de 'C:\Users\PC1\Desktop\Wgame-Engine\Debug\vc140.pdb' para hacer referencia al módulo; se vinculará el objeto sin tener en cuenta información de depuración
BulletCollision_debug.lib(btBoxBoxCollisionAlgorithm.obj) : warning LNK4204: falta información de depuración de 'C:\Users\PC1\Desktop\Wgame-Engine\Debug\vc140.pdb' para hacer referencia al módulo; se vinculará el objeto sin tener en cuenta información de depuración
BulletCollision_debug.lib(btBoxBoxDetector.obj) : warning LNK4204: falta información de depuración de 'C:\Users\PC1\Desktop\Wgame-Engine\Debug\vc140.pdb' para hacer referencia al módulo; se vinculará el objeto sin tener en cuenta información de depuración
BulletCollision_debug.lib(btCollisionDispatcher.obj) : warning LNK4204: falta información de depuración de 'C:\Users\PC1\Desktop\Wgame-Engine\Debug\vc140.pdb' para hacer referencia al módulo; se vinculará el objeto sin tener en cuenta información de depuración
BulletCollision_debug.lib(btCollisionObject.obj) : warning LNK4204: falta información de depuración de 'C:\Users\PC1\Desktop\Wgame-Engine\Debug\vc140.pdb' para hacer referencia al módulo; se vinculará el objeto sin tener en cuenta información de depuración
BulletCollision_debug.lib(btCollisionWorld.obj) : warning LNK4204: falta información de depuración de 'C:\Users\PC1\Desktop\Wgame-Engine\Debug\vc140.pdb' para hacer referencia al módulo; se vinculará el objeto sin tener en cuenta información de depuración
BulletCollision_debug.lib(btCompoundCollisionAlgorithm.obj) : warning LNK4204: falta información de depuración de 'C:\Users\PC1\Desktop\Wgame-Engine\Debug\vc140.pdb' para hacer referencia al módulo; se vinculará el objeto sin tener en cuenta información de depuración
BulletCollision_debug.lib(btCompoundCompoundCollisionAlgorithm.obj) : warning LNK4204: falta información de depuración de 'C:\Users\PC1\Desktop\Wgame-Engine\Debug\vc140.pdb' para hacer referencia al módulo; se vinculará el objeto sin tener en cuenta información de depuración
BulletCollision_debug.lib(btConvexConcaveCollisionAlgorithm.obj) : warning LNK4204: falta información de depuración de 'C:\Users\PC1\Desktop\Wgame-Engine\Debug\vc140.pdb' para hacer referencia al módulo; se vinculará el objeto sin tener en cuenta información de depuración
BulletCollision_debug.lib(btConvexConvexAlgorithm.obj) : warning LNK4204: falta información de depuración de 'C:\Users\PC1\Desktop\Wgame-Engine\Debug\vc140.pdb' para hacer referencia al módulo; se vinculará el objeto sin tener en cuenta información de depuración
BulletCollision_debug.lib(btConvexPlaneCollisionAlgorithm.obj) : warning LNK4204: falta información de depuración de 'C:\Users\PC1\Desktop\Wgame-Engine\Debug\vc140.pdb' para hacer referencia al módulo; se vinculará el objeto sin tener en cuenta información de depuración
BulletCollision_debug.lib(btDefaultCollisionConfiguration.obj) : warning LNK4204: falta información de depuración de 'C:\Users\PC1\Desktop\Wgame-Engine\Debug\vc140.pdb' para hacer referencia al módulo; se vinculará el objeto sin tener en cuenta información de depuración
BulletCollision_debug.lib(btEmptyCollisionAlgorithm.obj) : warning LNK4204: falta información de depuración de 'C:\Users\PC1\Desktop\Wgame-Engine\Debug\vc140.pdb' para hacer referencia al módulo; se vinculará el objeto sin tener en cuenta información de depuración
BulletCollision_debug.lib(btHashedSimplePairCache.obj) : warning LNK4204: falta información de depuración de 'C:\Users\PC1\Desktop\Wgame-Engine\Debug\vc140.pdb' para hacer referencia al módulo; se vinculará el objeto sin tener en cuenta información de depuración
BulletCollision_debug.lib(btManifoldResult.obj) : warning LNK4204: falta información de depuración de 'C:\Users\PC1\Desktop\Wgame-Engine\Debug\vc140.pdb' para hacer referencia al módulo; se vinculará el objeto sin tener en cuenta información de depuración
BulletCollision_debug.lib(btSimulationIslandManager.obj) : warning LNK4204: falta información de depuración de 'C:\Users\PC1\Desktop\Wgame-Engine\Debug\vc140.pdb' para hacer referencia al módulo; se vinculará el objeto sin tener en cuenta información de depuración
BulletCollision_debug.lib(btSphereSphereCollisionAlgorithm.obj) : warning LNK4204: falta información de depuración de 'C:\Users\PC1\Desktop\Wgame-Engine\Debug\vc140.pdb' para hacer referencia al módulo; se vinculará el objeto sin tener en cuenta información de depuración
BulletCollision_debug.lib(btSphereTriangleCollisionAlgorithm.obj) : warning LNK4204: falta información de depuración de 'C:\Users\PC1\Desktop\Wgame-Engine\Debug\vc140.pdb' para hacer referencia al módulo; se vinculará el objeto sin tener en cuenta información de depuración
BulletCollision_debug.lib(btUnionFind.obj) : warning LNK4204: falta información de depuración de 'C:\Users\PC1\Desktop\Wgame-Engine\Debug\vc140.pdb' para hacer referencia al módulo; se vinculará el objeto sin tener en cuenta información de depuración
BulletCollision_debug.lib(SphereTriangleDetector.obj) : warning LNK4204: falta información de depuración de 'C:\Users\PC1\Desktop\Wgame-Engine\Debug\vc140.pdb' para hacer referencia al módulo; se vinculará el objeto sin tener en cuenta información de depuración
BulletCollision_debug.lib(btBoxShape.obj) : warning LNK4204: falta información de depuración de 'C:\Users\PC1\Desktop\Wgame-Engine\Debug\vc140.pdb' para hacer referencia al módulo; se vinculará el objeto sin tener en cuenta información de depuración
BulletCollision_debug.lib(btBvhTriangleMeshShape.obj) : warning LNK4204: falta información de depuración de 'C:\Users\PC1\Desktop\Wgame-Engine\Debug\vc140.pdb' para hacer referencia al módulo; se vinculará el objeto sin tener en cuenta información de depuración
BulletCollision_debug.lib(btCollisionShape.obj) : warning LNK4204: falta información de depuración de 'C:\Users\PC1\Desktop\Wgame-Engine\Debug\vc140.pdb' para hacer referencia al módulo; se vinculará el objeto sin tener en cuenta información de depuración
BulletCollision_debug.lib(btCompoundShape.obj) : warning LNK4204: falta información de depuración de 'C:\Users\PC1\Desktop\Wgame-Engine\Debug\vc140.pdb' para hacer referencia al módulo; se vinculará el objeto sin tener en cuenta información de depuración
BulletCollision_debug.lib(btConcaveShape.obj) : warning LNK4204: falta información de depuración de 'C:\Users\PC1\Desktop\Wgame-Engine\Debug\vc140.pdb' para hacer referencia al módulo; se vinculará el objeto sin tener en cuenta información de depuración
BulletCollision_debug.lib(btConvexInternalShape.obj) : warning LNK4204: falta información de depuración de 'C:\Users\PC1\Desktop\Wgame-Engine\Debug\vc140.pdb' para hacer referencia al módulo; se vinculará el objeto sin tener en cuenta información de depuración
BulletCollision_debug.lib(btConvexPolyhedron.obj) : warning LNK4204: falta información de depuración de 'C:\Users\PC1\Desktop\Wgame-Engine\Debug\vc140.pdb' para hacer referencia al módulo; se vinculará el objeto sin tener en cuenta información de depuración
BulletCollision_debug.lib(btConvexShape.obj) : warning LNK4204: falta información de depuración de 'C:\Users\PC1\Desktop\Wgame-Engine\Debug\vc140.pdb' para hacer referencia al módulo; se vinculará el objeto sin tener en cuenta información de depuración
BulletCollision_debug.lib(btCylinderShape.obj) : warning LNK4204: falta información de depuración de 'C:\Users\PC1\Desktop\Wgame-Engine\Debug\vc140.pdb' para hacer referencia al módulo; se vinculará el objeto sin tener en cuenta información de depuración
BulletCollision_debug.lib(btHeightfieldTerrainShape.obj) : warning LNK4204: falta información de depuración de 'C:\Users\PC1\Desktop\Wgame-Engine\Debug\vc140.pdb' para hacer referencia al módulo; se vinculará el objeto sin tener en cuenta información de depuración
BulletCollision_debug.lib(btOptimizedBvh.obj) : warning LNK4204: falta información de depuración de 'C:\Users\PC1\Desktop\Wgame-Engine\Debug\vc140.pdb' para hacer referencia al módulo; se vinculará el objeto sin tener en cuenta información de depuración
BulletCollision_debug.lib(btPolyhedralConvexShape.obj) : warning LNK4204: falta información de depuración de 'C:\Users\PC1\Desktop\Wgame-Engine\Debug\vc140.pdb' para hacer referencia al módulo; se vinculará el objeto sin tener en cuenta información de depuración
BulletCollision_debug.lib(btSphereShape.obj) : warning LNK4204: falta información de depuración de 'C:\Users\PC1\Desktop\Wgame-Engine\Debug\vc140.pdb' para hacer referencia al módulo; se vinculará el objeto sin tener en cuenta información de depuración
BulletCollision_debug.lib(btStaticPlaneShape.obj) : warning LNK4204: falta información de depuración de 'C:\Users\PC1\Desktop\Wgame-Engine\Debug\vc140.pdb' para hacer referencia al módulo; se vinculará el objeto sin tener en cuenta información de depuración
BulletCollision_debug.lib(btTriangleCallback.obj) : warning LNK4204: falta información de depuración de 'C:\Users\PC1\Desktop\Wgame-Engine\Debug\vc140.pdb' para hacer referencia al módulo; se vinculará el objeto sin tener en cuenta información de depuración
BulletCollision_debug.lib(btTriangleMeshShape.obj) : warning LNK4204: falta información de depuración de 'C:\Users\PC1\Desktop\Wgame-Engine\Debug\vc140.pdb' para hacer referencia al módulo; se vinculará el objeto sin tener en cuenta información de depuración
BulletCollision_debug.lib(btContinuousConvexCollision.obj) : warning LNK4204: falta información de depuración de 'C:\Users\PC1\Desktop\Wgame-Engine\Debug\vc140.pdb' para hacer referencia al módulo; se vinculará el objeto sin tener en cuenta información de depuración
BulletCollision_debug.lib(btConvexCast.obj) : warning LNK4204: falta información de depuración de 'C:\Users\PC1\Desktop\Wgame-Engine\Debug\vc140.pdb' para hacer referencia al módulo; se vinculará el objeto sin tener en cuenta información de depuración
BulletCollision_debug.lib(btGjkConvexCast.obj) : warning LNK4204: falta información de depuración de 'C:\Users\PC1\Desktop\Wgame-Engine\Debug\vc140.pdb' para hacer referencia al módulo; se vinculará el objeto sin tener en cuenta información de depuración
BulletCollision_debug.lib(btGjkEpa2.obj) : warning LNK4204: falta información de depuración de 'C:\Users\PC1\Desktop\Wgame-Engine\Debug\vc140.pdb' para hacer referencia al módulo; se vinculará el objeto sin tener en cuenta información de depuración
BulletCollision_debug.lib(btGjkEpaPenetrationDepthSolver.obj) : warning LNK4204: falta información de depuración de 'C:\Users\PC1\Desktop\Wgame-Engine\Debug\vc140.pdb' para hacer referencia al módulo; se vinculará el objeto sin tener en cuenta información de depuración
BulletCollision_debug.lib(btGjkPairDetector.obj) : warning LNK4204: falta información de depuración de 'C:\Users\PC1\Desktop\Wgame-Engine\Debug\vc140.pdb' para hacer referencia al módulo; se vinculará el objeto sin tener en cuenta información de depuración
BulletCollision_debug.lib(btMinkowskiPenetrationDepthSolver.obj) : warning LNK4204: falta información de depuración de 'C:\Users\PC1\Desktop\Wgame-Engine\Debug\vc140.pdb' para hacer referencia al módulo; se vinculará el objeto sin tener en cuenta información de depuración
BulletCollision_debug.lib(btPersistentManifold.obj) : warning LNK4204: falta información de depuración de 'C:\Users\PC1\Desktop\Wgame-Engine\Debug\vc140.pdb' para hacer referencia al módulo; se vinculará el objeto sin tener en cuenta información de depuración
BulletCollision_debug.lib(btPolyhedralContactClipping.obj) : warning LNK4204: falta información de depuración de 'C:\Users\PC1\Desktop\Wgame-Engine\Debug\vc140.pdb' para hacer referencia al módulo; se vinculará el objeto sin tener en cuenta información de depuración
BulletCollision_debug.lib(btRaycastCallback.obj) : warning LNK4204: falta información de depuración de 'C:\Users\PC1\Desktop\Wgame-Engine\Debug\vc140.pdb' para hacer referencia al módulo; se vinculará el objeto sin tener en cuenta información de depuración
BulletCollision_debug.lib(btSubSimplexConvexCast.obj) : warning LNK4204: falta información de depuración de 'C:\Users\PC1\Desktop\Wgame-Engine\Debug\vc140.pdb' para hacer referencia al módulo; se vinculará el objeto sin tener en cuenta información de depuración
BulletCollision_debug.lib(btVoronoiSimplexSolver.obj) : warning LNK4204: falta información de depuración de 'C:\Users\PC1\Desktop\Wgame-Engine\Debug\vc140.pdb' para hacer referencia al módulo; se vinculará el objeto sin tener en cuenta información de depuración
LinearMath_debug.lib(btAlignedAllocator.obj) : warning LNK4204: falta información de depuración de 'C:\Users\PC1\Desktop\Wgame-Engine\Debug\vc140.pdb' para hacer referencia al módulo; se vinculará el objeto sin tener en cuenta información de depuración
LinearMath_debug.lib(btConvexHullComputer.obj) : warning LNK4204: falta información de depuración de 'C:\Users\PC1\Desktop\Wgame-Engine\Debug\vc140.pdb' para hacer referencia al módulo; se vinculará el objeto sin tener en cuenta información de depuración
LinearMath_debug.lib(btGeometryUtil.obj) : warning LNK4204: falta información de depuración de 'C:\Users\PC1\Desktop\Wgame-Engine\Debug\vc140.pdb' para hacer referencia al módulo; se vinculará el objeto sin tener en cuenta información de depuración
LinearMath_debug.lib(btQuickprof.obj) : warning LNK4204: falta información de depuración de 'C:\Users\PC1\Desktop\Wgame-Engine\Debug\vc140.pdb' para hacer referencia al módulo; se vinculará el objeto sin tener en cuenta información de depuración
LinearMath_debug.lib(btVector3.obj) : warning LNK4204: falta información de depuración de 'C:\Users\PC1\Desktop\Wgame-Engine\Debug\vc140.pdb' para hacer referencia al módulo; se vinculará el objeto sin tener en cuenta información de depuración
  SahelanthropusEngine.vcxproj -> C:\Users\PC1\Desktop\Wgame-Engine\Debug\WGame_Engine.exe
  SahelanthropusEngine.vcxproj -> C:\Users\PC1\Desktop\Wgame-Engine\Debug\WGame_Engine.pdb (Full PDB)
